<?xml version="1.0" encoding="UTF-8"?>
<testsuite xmlns:xsi="http://www.w3.org/2001/XMLSchema-instance" xsi:noNamespaceSchemaLocation="https://maven.apache.org/surefire/maven-surefire-plugin/xsd/surefire-test-report.xsd" name="org.baeldung.AppTest" time="0.402" tests="1" errors="0" skipped="0" failures="0">
  <properties>
    <property name="java.specification.version" value="14"/>
    <property name="sun.cpu.isalist" value="amd64"/>
    <property name="sun.jnu.encoding" value="Cp1252"/>
    <property name="java.class.path" value="H:\iGap\parent-project\streams\target\test-classes;H:\iGap\parent-project\streams\target\classes;C:\Users\HIEU QUANG\.m2\repository\junit\junit\4.11\junit-4.11.jar;C:\Users\HIEU QUANG\.m2\repository\org\hamcrest\hamcrest-core\1.3\hamcrest-core-1.3.jar;C:\Users\HIEU QUANG\.m2\repository\org\jetbrains\kotlin\kotlin-stdlib\1.3.72\kotlin-stdlib-1.3.72.jar;C:\Users\HIEU QUANG\.m2\repository\org\jetbrains\kotlin\kotlin-stdlib-common\1.3.72\kotlin-stdlib-common-1.3.72.jar;C:\Users\HIEU QUANG\.m2\repository\org\jetbrains\annotations\13.0\annotations-13.0.jar;C:\Users\HIEU QUANG\.m2\repository\org\apache\kafka\kafka-clients\0.10.0.0\kafka-clients-0.10.0.0.jar;C:\Users\HIEU QUANG\.m2\repository\net\jpountz\lz4\lz4\1.3.0\lz4-1.3.0.jar;C:\Users\HIEU QUANG\.m2\repository\org\xerial\snappy\snappy-java\1.1.2.4\snappy-java-1.1.2.4.jar;C:\Users\HIEU QUANG\.m2\repository\org\slf4j\slf4j-api\1.7.21\slf4j-api-1.7.21.jar;C:\Users\HIEU QUANG\.m2\repository\org\apache\kafka\kafka-streams\0.10.0.0\kafka-streams-0.10.0.0.jar;C:\Users\HIEU QUANG\.m2\repository\com\101tec\zkclient\0.8\zkclient-0.8.jar;C:\Users\HIEU QUANG\.m2\repository\log4j\log4j\1.2.15\log4j-1.2.15.jar;C:\Users\HIEU QUANG\.m2\repository\javax\mail\mail\1.4\mail-1.4.jar;C:\Users\HIEU QUANG\.m2\repository\javax\activation\activation\1.1\activation-1.1.jar;C:\Users\HIEU QUANG\.m2\repository\org\apache\zookeeper\zookeeper\3.4.6\zookeeper-3.4.6.jar;C:\Users\HIEU QUANG\.m2\repository\jline\jline\0.9.94\jline-0.9.94.jar;C:\Users\HIEU QUANG\.m2\repository\io\netty\netty\3.7.0.Final\netty-3.7.0.Final.jar;C:\Users\HIEU QUANG\.m2\repository\org\apache\kafka\connect-json\0.10.0.0\connect-json-0.10.0.0.jar;C:\Users\HIEU QUANG\.m2\repository\org\apache\kafka\connect-api\0.10.0.0\connect-api-0.10.0.0.jar;C:\Users\HIEU QUANG\.m2\repository\org\slf4j\slf4j-log4j12\1.7.21\slf4j-log4j12-1.7.21.jar;C:\Users\HIEU QUANG\.m2\repository\org\rocksdb\rocksdbjni\4.4.1\rocksdbjni-4.4.1.jar;C:\Users\HIEU QUANG\.m2\repository\com\fasterxml\jackson\core\jackson-databind\2.6.3\jackson-databind-2.6.3.jar;C:\Users\HIEU QUANG\.m2\repository\com\fasterxml\jackson\core\jackson-annotations\2.6.0\jackson-annotations-2.6.0.jar;C:\Users\HIEU QUANG\.m2\repository\com\fasterxml\jackson\core\jackson-core\2.6.3\jackson-core-2.6.3.jar;C:\Users\HIEU QUANG\.m2\repository\org\apache\flink\flink-connector-kafka-0.10_2.11\1.4.0\flink-connector-kafka-0.10_2.11-1.4.0.jar;C:\Users\HIEU QUANG\.m2\repository\org\apache\flink\flink-connector-kafka-0.9_2.11\1.4.0\flink-connector-kafka-0.9_2.11-1.4.0.jar;C:\Users\HIEU QUANG\.m2\repository\org\apache\flink\flink-connector-kafka-base_2.11\1.4.0\flink-connector-kafka-base_2.11-1.4.0.jar;C:\Users\HIEU QUANG\.m2\repository\org\apache\flink\force-shading\1.4.0\force-shading-1.4.0.jar;C:\Users\HIEU QUANG\.m2\repository\org\apache\flink\flink-streaming-java_2.11\1.4.0\flink-streaming-java_2.11-1.4.0.jar;C:\Users\HIEU QUANG\.m2\repository\org\apache\flink\flink-core\1.4.0\flink-core-1.4.0.jar;C:\Users\HIEU QUANG\.m2\repository\org\apache\flink\flink-annotations\1.4.0\flink-annotations-1.4.0.jar;C:\Users\HIEU QUANG\.m2\repository\org\apache\flink\flink-metrics-core\1.4.0\flink-metrics-core-1.4.0.jar;C:\Users\HIEU QUANG\.m2\repository\org\apache\flink\flink-shaded-asm\5.0.4-2.0\flink-shaded-asm-5.0.4-2.0.jar;C:\Users\HIEU QUANG\.m2\repository\org\apache\commons\commons-lang3\3.3.2\commons-lang3-3.3.2.jar;C:\Users\HIEU QUANG\.m2\repository\com\esotericsoftware\kryo\kryo\2.24.0\kryo-2.24.0.jar;C:\Users\HIEU QUANG\.m2\repository\com\esotericsoftware\minlog\minlog\1.2\minlog-1.2.jar;C:\Users\HIEU QUANG\.m2\repository\org\objenesis\objenesis\2.1\objenesis-2.1.jar;C:\Users\HIEU QUANG\.m2\repository\commons-collections\commons-collections\3.2.2\commons-collections-3.2.2.jar;C:\Users\HIEU QUANG\.m2\repository\org\apache\commons\commons-compress\1.4.1\commons-compress-1.4.1.jar;C:\Users\HIEU QUANG\.m2\repository\org\tukaani\xz\1.0\xz-1.0.jar;C:\Users\HIEU QUANG\.m2\repository\org\apache\flink\flink-runtime_2.11\1.4.0\flink-runtime_2.11-1.4.0.jar;C:\Users\HIEU QUANG\.m2\repository\org\apache\flink\flink-java\1.4.0\flink-java-1.4.0.jar;C:\Users\HIEU QUANG\.m2\repository\org\apache\flink\flink-queryable-state-client-java_2.11\1.4.0\flink-queryable-state-client-java_2.11-1.4.0.jar;C:\Users\HIEU QUANG\.m2\repository\org\apache\flink\flink-hadoop-fs\1.4.0\flink-hadoop-fs-1.4.0.jar;C:\Users\HIEU QUANG\.m2\repository\commons-io\commons-io\2.4\commons-io-2.4.jar;C:\Users\HIEU QUANG\.m2\repository\org\apache\flink\flink-shaded-netty\4.0.27.Final-2.0\flink-shaded-netty-4.0.27.Final-2.0.jar;C:\Users\HIEU QUANG\.m2\repository\org\apache\flink\flink-shaded-jackson\2.7.9-2.0\flink-shaded-jackson-2.7.9-2.0.jar;C:\Users\HIEU QUANG\.m2\repository\commons-cli\commons-cli\1.3.1\commons-cli-1.3.1.jar;C:\Users\HIEU QUANG\.m2\repository\org\javassist\javassist\3.18.2-GA\javassist-3.18.2-GA.jar;C:\Users\HIEU QUANG\.m2\repository\org\scala-lang\scala-library\2.11.11\scala-library-2.11.11.jar;C:\Users\HIEU QUANG\.m2\repository\com\typesafe\akka\akka-actor_2.11\2.4.20\akka-actor_2.11-2.4.20.jar;C:\Users\HIEU QUANG\.m2\repository\com\typesafe\config\1.3.0\config-1.3.0.jar;C:\Users\HIEU QUANG\.m2\repository\org\scala-lang\modules\scala-java8-compat_2.11\0.7.0\scala-java8-compat_2.11-0.7.0.jar;C:\Users\HIEU QUANG\.m2\repository\com\typesafe\akka\akka-stream_2.11\2.4.20\akka-stream_2.11-2.4.20.jar;C:\Users\HIEU QUANG\.m2\repository\org\reactivestreams\reactive-streams\1.0.0\reactive-streams-1.0.0.jar;C:\Users\HIEU QUANG\.m2\repository\com\typesafe\ssl-config-core_2.11\0.2.1\ssl-config-core_2.11-0.2.1.jar;C:\Users\HIEU QUANG\.m2\repository\org\scala-lang\modules\scala-parser-combinators_2.11\1.0.4\scala-parser-combinators_2.11-1.0.4.jar;C:\Users\HIEU QUANG\.m2\repository\com\typesafe\akka\akka-protobuf_2.11\2.4.20\akka-protobuf_2.11-2.4.20.jar;C:\Users\HIEU QUANG\.m2\repository\com\typesafe\akka\akka-slf4j_2.11\2.4.20\akka-slf4j_2.11-2.4.20.jar;C:\Users\HIEU QUANG\.m2\repository\org\clapper\grizzled-slf4j_2.11\1.0.2\grizzled-slf4j_2.11-1.0.2.jar;C:\Users\HIEU QUANG\.m2\repository\com\github\scopt\scopt_2.11\3.5.0\scopt_2.11-3.5.0.jar;C:\Users\HIEU QUANG\.m2\repository\com\twitter\chill_2.11\0.7.4\chill_2.11-0.7.4.jar;C:\Users\HIEU QUANG\.m2\repository\com\twitter\chill-java\0.7.4\chill-java-0.7.4.jar;C:\Users\HIEU QUANG\.m2\repository\org\apache\flink\flink-clients_2.11\1.4.0\flink-clients_2.11-1.4.0.jar;C:\Users\HIEU QUANG\.m2\repository\org\apache\flink\flink-optimizer_2.11\1.4.0\flink-optimizer_2.11-1.4.0.jar;C:\Users\HIEU QUANG\.m2\repository\org\apache\flink\flink-shaded-guava\18.0-2.0\flink-shaded-guava-18.0-2.0.jar;C:\Users\HIEU QUANG\.m2\repository\org\apache\commons\commons-math3\3.5\commons-math3-3.5.jar;C:\Users\HIEU QUANG\.m2\repository\org\apache\sling\org.apache.sling.commons.json\2.0.6\org.apache.sling.commons.json-2.0.6.jar;C:\Users\HIEU QUANG\.m2\repository\com\google\code\findbugs\jsr305\1.3.9\jsr305-1.3.9.jar;"/>
    <property name="java.vm.vendor" value="Oracle Corporation"/>
    <property name="sun.arch.data.model" value="64"/>
    <property name="user.variant" value=""/>
    <property name="java.vendor.url" value="https://java.oracle.com/"/>
    <property name="user.timezone" value="Asia/Saigon"/>
    <property name="os.name" value="Windows 10"/>
    <property name="java.vm.specification.version" value="14"/>
    <property name="sun.java.launcher" value="SUN_STANDARD"/>
    <property name="user.country" value="US"/>
    <property name="sun.boot.library.path" value="C:\Program Files\Java\jdk-14.0.2\bin"/>
    <property name="sun.java.command" value="C:\Users\HIEUQU~1\AppData\Local\Temp\surefire6706668922079251980\surefirebooter14254428982694340751.jar C:\Users\HIEU QUANG\AppData\Local\Temp\surefire6706668922079251980 2020-07-31T13-13-39_706-jvmRun1 surefire215949010937107654tmp surefire_16054180665346191924tmp"/>
    <property name="jdk.debug" value="release"/>
    <property name="surefire.test.class.path" value="H:\iGap\parent-project\streams\target\test-classes;H:\iGap\parent-project\streams\target\classes;C:\Users\HIEU QUANG\.m2\repository\junit\junit\4.11\junit-4.11.jar;C:\Users\HIEU QUANG\.m2\repository\org\hamcrest\hamcrest-core\1.3\hamcrest-core-1.3.jar;C:\Users\HIEU QUANG\.m2\repository\org\jetbrains\kotlin\kotlin-stdlib\1.3.72\kotlin-stdlib-1.3.72.jar;C:\Users\HIEU QUANG\.m2\repository\org\jetbrains\kotlin\kotlin-stdlib-common\1.3.72\kotlin-stdlib-common-1.3.72.jar;C:\Users\HIEU QUANG\.m2\repository\org\jetbrains\annotations\13.0\annotations-13.0.jar;C:\Users\HIEU QUANG\.m2\repository\org\apache\kafka\kafka-clients\0.10.0.0\kafka-clients-0.10.0.0.jar;C:\Users\HIEU QUANG\.m2\repository\net\jpountz\lz4\lz4\1.3.0\lz4-1.3.0.jar;C:\Users\HIEU QUANG\.m2\repository\org\xerial\snappy\snappy-java\1.1.2.4\snappy-java-1.1.2.4.jar;C:\Users\HIEU QUANG\.m2\repository\org\slf4j\slf4j-api\1.7.21\slf4j-api-1.7.21.jar;C:\Users\HIEU QUANG\.m2\repository\org\apache\kafka\kafka-streams\0.10.0.0\kafka-streams-0.10.0.0.jar;C:\Users\HIEU QUANG\.m2\repository\com\101tec\zkclient\0.8\zkclient-0.8.jar;C:\Users\HIEU QUANG\.m2\repository\log4j\log4j\1.2.15\log4j-1.2.15.jar;C:\Users\HIEU QUANG\.m2\repository\javax\mail\mail\1.4\mail-1.4.jar;C:\Users\HIEU QUANG\.m2\repository\javax\activation\activation\1.1\activation-1.1.jar;C:\Users\HIEU QUANG\.m2\repository\org\apache\zookeeper\zookeeper\3.4.6\zookeeper-3.4.6.jar;C:\Users\HIEU QUANG\.m2\repository\jline\jline\0.9.94\jline-0.9.94.jar;C:\Users\HIEU QUANG\.m2\repository\io\netty\netty\3.7.0.Final\netty-3.7.0.Final.jar;C:\Users\HIEU QUANG\.m2\repository\org\apache\kafka\connect-json\0.10.0.0\connect-json-0.10.0.0.jar;C:\Users\HIEU QUANG\.m2\repository\org\apache\kafka\connect-api\0.10.0.0\connect-api-0.10.0.0.jar;C:\Users\HIEU QUANG\.m2\repository\org\slf4j\slf4j-log4j12\1.7.21\slf4j-log4j12-1.7.21.jar;C:\Users\HIEU QUANG\.m2\repository\org\rocksdb\rocksdbjni\4.4.1\rocksdbjni-4.4.1.jar;C:\Users\HIEU QUANG\.m2\repository\com\fasterxml\jackson\core\jackson-databind\2.6.3\jackson-databind-2.6.3.jar;C:\Users\HIEU QUANG\.m2\repository\com\fasterxml\jackson\core\jackson-annotations\2.6.0\jackson-annotations-2.6.0.jar;C:\Users\HIEU QUANG\.m2\repository\com\fasterxml\jackson\core\jackson-core\2.6.3\jackson-core-2.6.3.jar;C:\Users\HIEU QUANG\.m2\repository\org\apache\flink\flink-connector-kafka-0.10_2.11\1.4.0\flink-connector-kafka-0.10_2.11-1.4.0.jar;C:\Users\HIEU QUANG\.m2\repository\org\apache\flink\flink-connector-kafka-0.9_2.11\1.4.0\flink-connector-kafka-0.9_2.11-1.4.0.jar;C:\Users\HIEU QUANG\.m2\repository\org\apache\flink\flink-connector-kafka-base_2.11\1.4.0\flink-connector-kafka-base_2.11-1.4.0.jar;C:\Users\HIEU QUANG\.m2\repository\org\apache\flink\force-shading\1.4.0\force-shading-1.4.0.jar;C:\Users\HIEU QUANG\.m2\repository\org\apache\flink\flink-streaming-java_2.11\1.4.0\flink-streaming-java_2.11-1.4.0.jar;C:\Users\HIEU QUANG\.m2\repository\org\apache\flink\flink-core\1.4.0\flink-core-1.4.0.jar;C:\Users\HIEU QUANG\.m2\repository\org\apache\flink\flink-annotations\1.4.0\flink-annotations-1.4.0.jar;C:\Users\HIEU QUANG\.m2\repository\org\apache\flink\flink-metrics-core\1.4.0\flink-metrics-core-1.4.0.jar;C:\Users\HIEU QUANG\.m2\repository\org\apache\flink\flink-shaded-asm\5.0.4-2.0\flink-shaded-asm-5.0.4-2.0.jar;C:\Users\HIEU QUANG\.m2\repository\org\apache\commons\commons-lang3\3.3.2\commons-lang3-3.3.2.jar;C:\Users\HIEU QUANG\.m2\repository\com\esotericsoftware\kryo\kryo\2.24.0\kryo-2.24.0.jar;C:\Users\HIEU QUANG\.m2\repository\com\esotericsoftware\minlog\minlog\1.2\minlog-1.2.jar;C:\Users\HIEU QUANG\.m2\repository\org\objenesis\objenesis\2.1\objenesis-2.1.jar;C:\Users\HIEU QUANG\.m2\repository\commons-collections\commons-collections\3.2.2\commons-collections-3.2.2.jar;C:\Users\HIEU QUANG\.m2\repository\org\apache\commons\commons-compress\1.4.1\commons-compress-1.4.1.jar;C:\Users\HIEU QUANG\.m2\repository\org\tukaani\xz\1.0\xz-1.0.jar;C:\Users\HIEU QUANG\.m2\repository\org\apache\flink\flink-runtime_2.11\1.4.0\flink-runtime_2.11-1.4.0.jar;C:\Users\HIEU QUANG\.m2\repository\org\apache\flink\flink-java\1.4.0\flink-java-1.4.0.jar;C:\Users\HIEU QUANG\.m2\repository\org\apache\flink\flink-queryable-state-client-java_2.11\1.4.0\flink-queryable-state-client-java_2.11-1.4.0.jar;C:\Users\HIEU QUANG\.m2\repository\org\apache\flink\flink-hadoop-fs\1.4.0\flink-hadoop-fs-1.4.0.jar;C:\Users\HIEU QUANG\.m2\repository\commons-io\commons-io\2.4\commons-io-2.4.jar;C:\Users\HIEU QUANG\.m2\repository\org\apache\flink\flink-shaded-netty\4.0.27.Final-2.0\flink-shaded-netty-4.0.27.Final-2.0.jar;C:\Users\HIEU QUANG\.m2\repository\org\apache\flink\flink-shaded-jackson\2.7.9-2.0\flink-shaded-jackson-2.7.9-2.0.jar;C:\Users\HIEU QUANG\.m2\repository\commons-cli\commons-cli\1.3.1\commons-cli-1.3.1.jar;C:\Users\HIEU QUANG\.m2\repository\org\javassist\javassist\3.18.2-GA\javassist-3.18.2-GA.jar;C:\Users\HIEU QUANG\.m2\repository\org\scala-lang\scala-library\2.11.11\scala-library-2.11.11.jar;C:\Users\HIEU QUANG\.m2\repository\com\typesafe\akka\akka-actor_2.11\2.4.20\akka-actor_2.11-2.4.20.jar;C:\Users\HIEU QUANG\.m2\repository\com\typesafe\config\1.3.0\config-1.3.0.jar;C:\Users\HIEU QUANG\.m2\repository\org\scala-lang\modules\scala-java8-compat_2.11\0.7.0\scala-java8-compat_2.11-0.7.0.jar;C:\Users\HIEU QUANG\.m2\repository\com\typesafe\akka\akka-stream_2.11\2.4.20\akka-stream_2.11-2.4.20.jar;C:\Users\HIEU QUANG\.m2\repository\org\reactivestreams\reactive-streams\1.0.0\reactive-streams-1.0.0.jar;C:\Users\HIEU QUANG\.m2\repository\com\typesafe\ssl-config-core_2.11\0.2.1\ssl-config-core_2.11-0.2.1.jar;C:\Users\HIEU QUANG\.m2\repository\org\scala-lang\modules\scala-parser-combinators_2.11\1.0.4\scala-parser-combinators_2.11-1.0.4.jar;C:\Users\HIEU QUANG\.m2\repository\com\typesafe\akka\akka-protobuf_2.11\2.4.20\akka-protobuf_2.11-2.4.20.jar;C:\Users\HIEU QUANG\.m2\repository\com\typesafe\akka\akka-slf4j_2.11\2.4.20\akka-slf4j_2.11-2.4.20.jar;C:\Users\HIEU QUANG\.m2\repository\org\clapper\grizzled-slf4j_2.11\1.0.2\grizzled-slf4j_2.11-1.0.2.jar;C:\Users\HIEU QUANG\.m2\repository\com\github\scopt\scopt_2.11\3.5.0\scopt_2.11-3.5.0.jar;C:\Users\HIEU QUANG\.m2\repository\com\twitter\chill_2.11\0.7.4\chill_2.11-0.7.4.jar;C:\Users\HIEU QUANG\.m2\repository\com\twitter\chill-java\0.7.4\chill-java-0.7.4.jar;C:\Users\HIEU QUANG\.m2\repository\org\apache\flink\flink-clients_2.11\1.4.0\flink-clients_2.11-1.4.0.jar;C:\Users\HIEU QUANG\.m2\repository\org\apache\flink\flink-optimizer_2.11\1.4.0\flink-optimizer_2.11-1.4.0.jar;C:\Users\HIEU QUANG\.m2\repository\org\apache\flink\flink-shaded-guava\18.0-2.0\flink-shaded-guava-18.0-2.0.jar;C:\Users\HIEU QUANG\.m2\repository\org\apache\commons\commons-math3\3.5\commons-math3-3.5.jar;C:\Users\HIEU QUANG\.m2\repository\org\apache\sling\org.apache.sling.commons.json\2.0.6\org.apache.sling.commons.json-2.0.6.jar;C:\Users\HIEU QUANG\.m2\repository\com\google\code\findbugs\jsr305\1.3.9\jsr305-1.3.9.jar;"/>
    <property name="sun.cpu.endian" value="little"/>
    <property name="user.home" value="C:\Users\HIEU QUANG"/>
    <property name="user.language" value="en"/>
    <property name="java.specification.vendor" value="Oracle Corporation"/>
    <property name="java.version.date" value="2020-07-14"/>
    <property name="java.home" value="C:\Program Files\Java\jdk-14.0.2"/>
    <property name="file.separator" value="\"/>
    <property name="basedir" value="H:\iGap\parent-project\streams"/>
    <property name="java.vm.compressedOopsMode" value="32-bit"/>
    <property name="line.separator" value="&#10;"/>
    <property name="java.vm.specification.vendor" value="Oracle Corporation"/>
    <property name="java.specification.name" value="Java Platform API Specification"/>
    <property name="surefire.real.class.path" value="C:\Users\HIEUQU~1\AppData\Local\Temp\surefire6706668922079251980\surefirebooter14254428982694340751.jar"/>
    <property name="user.script" value=""/>
    <property name="sun.management.compiler" value="HotSpot 64-Bit Tiered Compilers"/>
    <property name="java.runtime.version" value="14.0.2+12-46"/>
    <property name="user.name" value="HIEU QUANG"/>
    <property name="path.separator" value=";"/>
    <property name="os.version" value="10.0"/>
    <property name="java.runtime.name" value="Java(TM) SE Runtime Environment"/>
    <property name="file.encoding" value="Cp1252"/>
    <property name="java.vm.name" value="Java HotSpot(TM) 64-Bit Server VM"/>
    <property name="localRepository" value="C:\Users\HIEU QUANG\.m2\repository"/>
    <property name="java.vendor.url.bug" value="https://bugreport.java.com/bugreport/"/>
    <property name="java.io.tmpdir" value="C:\Users\HIEUQU~1\AppData\Local\Temp\"/>
    <property name="java.version" value="14.0.2"/>
    <property name="user.dir" value="H:\iGap\parent-project\streams"/>
    <property name="os.arch" value="amd64"/>
    <property name="java.vm.specification.name" value="Java Virtual Machine Specification"/>
    <property name="sun.os.patch.level" value=""/>
    <property name="java.library.path" value="C:\Program Files\Java\jdk-14.0.2\bin;C:\WINDOWS\Sun\Java\bin;C:\WINDOWS\system32;C:\WINDOWS;C:\Program Files\AdoptOpenJDK\jdk-14.0.1.7-hotspot\bin;C:\Program Files (x86)\Common Files\Oracle\Java\javapath;C:\Program Files (x86)\Python36-32\Scripts\;C:\Program Files (x86)\Python36-32\;C:\WINDOWS\system32;C:\WINDOWS;C:\WINDOWS\System32\Wbem;C:\WINDOWS\System32\WindowsPowerShell\v1.0\;C:\WINDOWS\System32\OpenSSH\;C:\Program Files\nodejs\;C:\Program Files\Microsoft SQL Server\130\Tools\Binn\;C:\Program Files\Microsoft SQL Server\Client SDK\ODBC\170\Tools\Binn\;C:\Program Files (x86)\NVIDIA Corporation\PhysX\Common;C:\Program Files\NVIDIA Corporation\NVIDIA NvDLISR;C:\WINDOWS\system32;C:\WINDOWS;C:\WINDOWS\System32\Wbem;C:\WINDOWS\System32\WindowsPowerShell\v1.0\;C:\WINDOWS\System32\OpenSSH\;C:\Go\bin;C:\Program Files\Git\cmd;C:\WINDOWS\system32\config\systemprofile\.dnx\bin;C:\Program Files\Microsoft DNX\Dnvm\;C:\Program Files\dotnet\;C:\Program Files\Java\jre1.8.0_251\bin;C:\app\zookeeper-3.6.1\bin;C:\app\apache-maven-3.6.3\bin;C:\Users\HIEU QUANG\AppData\Local\Programs\Python\Python37\Scripts\;C:\Users\HIEU QUANG\AppData\Local\Programs\Python\Python37\;C:\Users\HIEU QUANG\AppData\Local\Programs\Python\Python36-32\Scripts\;C:\Users\HIEU QUANG\AppData\Local\Programs\Python\Python36-32\;C:\Ruby27-x64\bin;C:\Users\HIEU QUANG\AppData\Local\Microsoft\WindowsApps;C:\Users\HIEU QUANG\AppData\Roaming\npm;C:\Users\HIEU QUANG\go\bin;C:\Users\HIEU QUANG\AppData\Local\Programs\Microsoft VS Code\bin;C:\Program Files\JetBrains\PyCharm Community Edition 2020.1.3\bin;;C:\Program Files\Java\jre1.8.0_251\bin;C:\app\zookeeper-3.6.1\bin;C:\app\zookeeper-3.6.1\bin;C:\app\kafka_2.12-2.5.0\bin\windows;C:\Program Files\JetBrains\IntelliJ IDEA 2020.1.3\bin;;C:\kotlin-compiler-1.3.72\kotlinc\bin;;."/>
    <property name="java.vm.info" value="mixed mode, sharing"/>
    <property name="java.vendor" value="Oracle Corporation"/>
    <property name="java.vm.version" value="14.0.2+12-46"/>
    <property name="sun.io.unicode.encoding" value="UnicodeLittle"/>
    <property name="java.class.version" value="58.0"/>
  </properties>
  <testcase name="shouldAnswerWithTrue" classname="org.baeldung.AppTest" time="0"/>
</testsuite>